0 info it worked if it ends with ok
1 verbose cli [ 'node', '/home/irene-sanz/.local/bin/npm', 'install' ]
2 info using npm@2.6.1
3 info using node@v0.10.24
4 verbose install where, deps [ '/home/irene-sanz/repos/bloqs',
4 verbose install   [ 'jquery',
4 verbose install     'lodash',
4 verbose install     'browserify',
4 verbose install     'chai',
4 verbose install     'grunt',
4 verbose install     'grunt-contrib-clean',
4 verbose install     'grunt-contrib-connect',
4 verbose install     'grunt-contrib-copy',
4 verbose install     'grunt-contrib-jshint',
4 verbose install     'grunt-contrib-uglify',
4 verbose install     'grunt-contrib-watch',
4 verbose install     'grunt-karma',
4 verbose install     'grunt-newer',
4 verbose install     'grunt-release',
4 verbose install     'grunt-sass',
4 verbose install     'grunt-watchify',
4 verbose install     'jshint-stylish',
4 verbose install     'karma',
4 verbose install     'karma-chai',
4 verbose install     'karma-mocha',
4 verbose install     'karma-phantomjs-launcher',
4 verbose install     'load-grunt-tasks',
4 verbose install     'mocha',
4 verbose install     'time-grunt' ] ]
5 verbose install where, peers [ '/home/irene-sanz/repos/bloqs', [] ]
6 info preinstall bloqs@0.0.1
7 silly cache add args [ 'grunt-contrib-connect@^0.10.1', null ]
8 verbose cache add spec grunt-contrib-connect@^0.10.1
9 silly cache add parsed spec { raw: 'grunt-contrib-connect@^0.10.1',
9 silly cache add   scope: null,
9 silly cache add   name: 'grunt-contrib-connect',
9 silly cache add   rawSpec: '^0.10.1',
9 silly cache add   spec: '>=0.10.1 <0.11.0',
9 silly cache add   type: 'range' }
10 verbose addNamed grunt-contrib-connect@>=0.10.1 <0.11.0
11 silly addNamed semver.valid null
12 silly addNamed semver.validRange >=0.10.1 <0.11.0
13 silly addNameRange { name: 'grunt-contrib-connect',
13 silly addNameRange   range: '>=0.10.1 <0.11.0',
13 silly addNameRange   hasData: false }
14 silly mapToRegistry name grunt-contrib-connect
15 silly mapToRegistry using default registry
16 silly mapToRegistry registry http://npm-dev.bqsoftware.net/
17 silly mapToRegistry uri http://npm-dev.bqsoftware.net/grunt-contrib-connect
18 verbose addNameRange registry:http://npm-dev.bqsoftware.net/grunt-contrib-connect not in flight; fetching
19 verbose already installed skipping grunt-contrib-uglify@^0.7.0 /home/irene-sanz/repos/bloqs
20 silly cache add args [ 'grunt-contrib-copy@^0.8.0', null ]
21 verbose cache add spec grunt-contrib-copy@^0.8.0
22 silly cache add parsed spec { raw: 'grunt-contrib-copy@^0.8.0',
22 silly cache add   scope: null,
22 silly cache add   name: 'grunt-contrib-copy',
22 silly cache add   rawSpec: '^0.8.0',
22 silly cache add   spec: '>=0.8.0 <0.9.0',
22 silly cache add   type: 'range' }
23 verbose addNamed grunt-contrib-copy@>=0.8.0 <0.9.0
24 silly addNamed semver.valid null
25 silly addNamed semver.validRange >=0.8.0 <0.9.0
26 silly addNameRange { name: 'grunt-contrib-copy',
26 silly addNameRange   range: '>=0.8.0 <0.9.0',
26 silly addNameRange   hasData: false }
27 silly mapToRegistry name grunt-contrib-copy
28 silly mapToRegistry using default registry
29 silly mapToRegistry registry http://npm-dev.bqsoftware.net/
30 silly mapToRegistry uri http://npm-dev.bqsoftware.net/grunt-contrib-copy
31 verbose addNameRange registry:http://npm-dev.bqsoftware.net/grunt-contrib-copy not in flight; fetching
32 verbose already installed skipping grunt-contrib-jshint@^0.11.0 /home/irene-sanz/repos/bloqs
33 verbose already installed skipping grunt-contrib-watch@^0.6.1 /home/irene-sanz/repos/bloqs
34 verbose already installed skipping grunt-karma@^0.10.1 /home/irene-sanz/repos/bloqs
35 verbose already installed skipping grunt-newer@^1.1.0 /home/irene-sanz/repos/bloqs
36 silly cache add args [ 'grunt-release@^0.12.0', null ]
37 verbose cache add spec grunt-release@^0.12.0
38 silly cache add parsed spec { raw: 'grunt-release@^0.12.0',
38 silly cache add   scope: null,
38 silly cache add   name: 'grunt-release',
38 silly cache add   rawSpec: '^0.12.0',
38 silly cache add   spec: '>=0.12.0 <0.13.0',
38 silly cache add   type: 'range' }
39 verbose addNamed grunt-release@>=0.12.0 <0.13.0
40 silly addNamed semver.valid null
41 silly addNamed semver.validRange >=0.12.0 <0.13.0
42 silly addNameRange { name: 'grunt-release',
42 silly addNameRange   range: '>=0.12.0 <0.13.0',
42 silly addNameRange   hasData: false }
43 silly mapToRegistry name grunt-release
44 silly mapToRegistry using default registry
45 silly mapToRegistry registry http://npm-dev.bqsoftware.net/
46 silly mapToRegistry uri http://npm-dev.bqsoftware.net/grunt-release
47 verbose addNameRange registry:http://npm-dev.bqsoftware.net/grunt-release not in flight; fetching
48 silly cache add args [ 'grunt-sass@^1.0.0', null ]
49 verbose cache add spec grunt-sass@^1.0.0
50 silly cache add parsed spec { raw: 'grunt-sass@^1.0.0',
50 silly cache add   scope: null,
50 silly cache add   name: 'grunt-sass',
50 silly cache add   rawSpec: '^1.0.0',
50 silly cache add   spec: '>=1.0.0 <2.0.0',
50 silly cache add   type: 'range' }
51 verbose addNamed grunt-sass@>=1.0.0 <2.0.0
52 silly addNamed semver.valid null
53 silly addNamed semver.validRange >=1.0.0 <2.0.0
54 silly addNameRange { name: 'grunt-sass', range: '>=1.0.0 <2.0.0', hasData: false }
55 silly mapToRegistry name grunt-sass
56 silly mapToRegistry using default registry
57 silly mapToRegistry registry http://npm-dev.bqsoftware.net/
58 silly mapToRegistry uri http://npm-dev.bqsoftware.net/grunt-sass
59 verbose addNameRange registry:http://npm-dev.bqsoftware.net/grunt-sass not in flight; fetching
60 verbose already installed skipping grunt-watchify@^0.1.0 /home/irene-sanz/repos/bloqs
61 verbose already installed skipping jshint-stylish@^1.0.0 /home/irene-sanz/repos/bloqs
62 verbose already installed skipping karma@^0.12.31 /home/irene-sanz/repos/bloqs
63 verbose already installed skipping karma-chai@^0.1.0 /home/irene-sanz/repos/bloqs
64 verbose already installed skipping karma-mocha@^0.1.10 /home/irene-sanz/repos/bloqs
65 verbose already installed skipping karma-phantomjs-launcher@^0.1.4 /home/irene-sanz/repos/bloqs
66 verbose already installed skipping load-grunt-tasks@^3.1.0 /home/irene-sanz/repos/bloqs
67 verbose already installed skipping mocha@^2.2.4 /home/irene-sanz/repos/bloqs
68 verbose already installed skipping time-grunt@^1.0.0 /home/irene-sanz/repos/bloqs
69 verbose already installed skipping jquery@^2.1.3 /home/irene-sanz/repos/bloqs
70 verbose request uri http://npm-dev.bqsoftware.net/grunt-contrib-connect
71 verbose request no auth needed
72 info attempt registry request try #1 at 15:50:41
73 verbose request id fa0f4b046e52b299
74 verbose etag "362b0379186c537457cbd9ff6f7ef615"
75 http request GET http://npm-dev.bqsoftware.net/grunt-contrib-connect
76 verbose already installed skipping lodash@^3.7.0 /home/irene-sanz/repos/bloqs
77 verbose already installed skipping browserify@^9.0.0 /home/irene-sanz/repos/bloqs
78 verbose already installed skipping chai@^2.2.0 /home/irene-sanz/repos/bloqs
79 verbose already installed skipping grunt@^0.4.5 /home/irene-sanz/repos/bloqs
80 verbose already installed skipping grunt-contrib-clean@^0.6.0 /home/irene-sanz/repos/bloqs
81 verbose request uri http://npm-dev.bqsoftware.net/grunt-release
82 verbose request no auth needed
83 info attempt registry request try #1 at 15:50:41
84 verbose etag "29f7f86bc9be2799dad31d61f09c58c9"
85 http request GET http://npm-dev.bqsoftware.net/grunt-release
86 verbose request uri http://npm-dev.bqsoftware.net/grunt-sass
87 verbose request no auth needed
88 info attempt registry request try #1 at 15:50:41
89 verbose etag "efa12c633aab10d121f494266597c6a1"
90 http request GET http://npm-dev.bqsoftware.net/grunt-sass
91 verbose request uri http://npm-dev.bqsoftware.net/grunt-contrib-copy
92 verbose request no auth needed
93 info attempt registry request try #1 at 15:50:41
94 verbose etag "427614983957feef5be73df6073dc977"
95 http request GET http://npm-dev.bqsoftware.net/grunt-contrib-copy
96 http 304 http://npm-dev.bqsoftware.net/grunt-contrib-copy
97 silly get cb [ 304,
97 silly get   { server: 'nginx/1.2.9',
97 silly get     date: 'Tue, 19 May 2015 13:50:41 GMT',
97 silly get     connection: 'keep-alive',
97 silly get     'x-powered-by': 'Sinopia/1.0.0-beta',
97 silly get     etag: '"427614983957feef5be73df6073dc977"',
97 silly get     'x-status-cat': 'http://flic.kr/p/aXY3dH' } ]
98 verbose etag http://npm-dev.bqsoftware.net/grunt-contrib-copy from cache
99 verbose get saving grunt-contrib-copy to /home/irene-sanz/.npm/npm-dev.bqsoftware.net/grunt-contrib-copy/.cache.json
100 silly addNameRange number 2 { name: 'grunt-contrib-copy',
100 silly addNameRange   range: '>=0.8.0 <0.9.0',
100 silly addNameRange   hasData: true }
101 silly addNameRange versions [ 'grunt-contrib-copy',
101 silly addNameRange   [ '0.2.0',
101 silly addNameRange     '0.2.1',
101 silly addNameRange     '0.2.2',
101 silly addNameRange     '0.2.3',
101 silly addNameRange     '0.2.4',
101 silly addNameRange     '0.3.0',
101 silly addNameRange     '0.3.1',
101 silly addNameRange     '0.3.2',
101 silly addNameRange     '0.4.0',
101 silly addNameRange     '0.4.1',
101 silly addNameRange     '0.5.0',
101 silly addNameRange     '0.6.0',
101 silly addNameRange     '0.7.0',
101 silly addNameRange     '0.4.0-rc7',
101 silly addNameRange     '0.8.0',
101 silly addNameRange     '0.4.0rc7' ] ]
102 verbose addNamed grunt-contrib-copy@0.8.0
103 silly addNamed semver.valid 0.8.0
104 silly addNamed semver.validRange 0.8.0
105 silly mapToRegistry name grunt-contrib-copy
106 silly mapToRegistry using default registry
107 silly mapToRegistry registry http://npm-dev.bqsoftware.net/
108 silly mapToRegistry uri http://npm-dev.bqsoftware.net/grunt-contrib-copy
109 verbose addRemoteTarball http://npm-dev.bqsoftware.net/grunt-contrib-copy/-/grunt-contrib-copy-0.8.0.tgz not in flight; adding
110 verbose addRemoteTarball [ 'http://npm-dev.bqsoftware.net/grunt-contrib-copy/-/grunt-contrib-copy-0.8.0.tgz',
110 verbose addRemoteTarball   'ee3027e65e4f2ffb9525a903c19efd80a8f2479b' ]
111 info retry fetch attempt 1 at 15:50:41
112 info attempt registry request try #1 at 15:50:41
113 http fetch GET http://npm-dev.bqsoftware.net/grunt-contrib-copy/-/grunt-contrib-copy-0.8.0.tgz
114 http 304 http://npm-dev.bqsoftware.net/grunt-release
115 silly get cb [ 304,
115 silly get   { server: 'nginx/1.2.9',
115 silly get     date: 'Tue, 19 May 2015 13:50:41 GMT',
115 silly get     connection: 'keep-alive',
115 silly get     'x-powered-by': 'Sinopia/1.0.0-beta',
115 silly get     etag: '"29f7f86bc9be2799dad31d61f09c58c9"',
115 silly get     'x-status-cat': 'http://flic.kr/p/aXY3dH' } ]
116 verbose etag http://npm-dev.bqsoftware.net/grunt-release from cache
117 verbose get saving grunt-release to /home/irene-sanz/.npm/npm-dev.bqsoftware.net/grunt-release/.cache.json
118 http 304 http://npm-dev.bqsoftware.net/grunt-contrib-connect
119 silly get cb [ 304,
119 silly get   { server: 'nginx/1.2.9',
119 silly get     date: 'Tue, 19 May 2015 13:50:41 GMT',
119 silly get     connection: 'keep-alive',
119 silly get     'x-powered-by': 'Sinopia/1.0.0-beta',
119 silly get     etag: '"362b0379186c537457cbd9ff6f7ef615"',
119 silly get     'x-status-cat': 'http://flic.kr/p/aXY3dH' } ]
120 verbose etag http://npm-dev.bqsoftware.net/grunt-contrib-connect from cache
121 verbose get saving grunt-contrib-connect to /home/irene-sanz/.npm/npm-dev.bqsoftware.net/grunt-contrib-connect/.cache.json
122 http 304 http://npm-dev.bqsoftware.net/grunt-sass
123 silly get cb [ 304,
123 silly get   { server: 'nginx/1.2.9',
123 silly get     date: 'Tue, 19 May 2015 13:50:41 GMT',
123 silly get     connection: 'keep-alive',
123 silly get     'x-powered-by': 'Sinopia/1.0.0-beta',
123 silly get     etag: '"efa12c633aab10d121f494266597c6a1"',
123 silly get     'x-status-cat': 'http://flic.kr/p/aXY3dH' } ]
124 verbose etag http://npm-dev.bqsoftware.net/grunt-sass from cache
125 verbose get saving grunt-sass to /home/irene-sanz/.npm/npm-dev.bqsoftware.net/grunt-sass/.cache.json
126 silly addNameRange number 2 { name: 'grunt-release',
126 silly addNameRange   range: '>=0.12.0 <0.13.0',
126 silly addNameRange   hasData: true }
127 silly addNameRange versions [ 'grunt-release',
127 silly addNameRange   [ '0.0.10',
127 silly addNameRange     '0.0.11',
127 silly addNameRange     '0.0.13',
127 silly addNameRange     '0.0.14',
127 silly addNameRange     '0.1.0',
127 silly addNameRange     '0.2.0',
127 silly addNameRange     '0.3.0',
127 silly addNameRange     '0.3.1',
127 silly addNameRange     '0.3.2',
127 silly addNameRange     '0.3.3',
127 silly addNameRange     '0.3.4',
127 silly addNameRange     '0.3.5',
127 silly addNameRange     '0.4.0',
127 silly addNameRange     '0.5.0',
127 silly addNameRange     '0.5.1',
127 silly addNameRange     '0.6.0',
127 silly addNameRange     '0.6.1',
127 silly addNameRange     '0.7.0',
127 silly addNameRange     '0.8.0',
127 silly addNameRange     '0.8.1',
127 silly addNameRange     '0.9.0',
127 silly addNameRange     '0.10.0',
127 silly addNameRange     '0.11.0',
127 silly addNameRange     '0.12.0' ] ]
128 verbose addNamed grunt-release@0.12.0
129 silly addNamed semver.valid 0.12.0
130 silly addNamed semver.validRange 0.12.0
131 silly addNameRange number 2 { name: 'grunt-contrib-connect',
131 silly addNameRange   range: '>=0.10.1 <0.11.0',
131 silly addNameRange   hasData: true }
132 silly addNameRange versions [ 'grunt-contrib-connect',
132 silly addNameRange   [ '0.1.0',
132 silly addNameRange     '0.1.1',
132 silly addNameRange     '0.1.2',
132 silly addNameRange     '0.2.0',
132 silly addNameRange     '0.3.0',
132 silly addNameRange     '0.4.0',
132 silly addNameRange     '0.4.1',
132 silly addNameRange     '0.4.2',
132 silly addNameRange     '0.5.0',
132 silly addNameRange     '0.6.0',
132 silly addNameRange     '0.7.0',
132 silly addNameRange     '0.7.1',
132 silly addNameRange     '0.8.0',
132 silly addNameRange     '0.9.0',
132 silly addNameRange     '0.1.1-rc6',
132 silly addNameRange     '0.1.1rc6',
132 silly addNameRange     '0.10.0',
132 silly addNameRange     '0.10.1' ] ]
133 verbose addNamed grunt-contrib-connect@0.10.1
134 silly addNamed semver.valid 0.10.1
135 silly addNamed semver.validRange 0.10.1
136 silly addNameRange number 2 { name: 'grunt-sass', range: '>=1.0.0 <2.0.0', hasData: true }
137 silly addNameRange versions [ 'grunt-sass',
137 silly addNameRange   [ '0.1.0',
137 silly addNameRange     '0.2.1',
137 silly addNameRange     '0.2.2',
137 silly addNameRange     '0.2.3',
137 silly addNameRange     '0.2.4',
137 silly addNameRange     '0.2.5',
137 silly addNameRange     '0.3.0',
137 silly addNameRange     '0.4.0',
137 silly addNameRange     '0.4.1',
137 silly addNameRange     '0.5.0',
137 silly addNameRange     '0.6.0',
137 silly addNameRange     '0.6.1',
137 silly addNameRange     '0.7.0',
137 silly addNameRange     '0.8.0',
137 silly addNameRange     '0.8.1',
137 silly addNameRange     '0.9.0',
137 silly addNameRange     '0.10.0',
137 silly addNameRange     '0.11.0',
137 silly addNameRange     '0.12.0',
137 silly addNameRange     '0.12.1',
137 silly addNameRange     '0.13.0',
137 silly addNameRange     '0.13.1',
137 silly addNameRange     '0.14.0',
137 silly addNameRange     '0.14.1',
137 silly addNameRange     '0.14.2',
137 silly addNameRange     '0.15.0',
137 silly addNameRange     '0.16.0',
137 silly addNameRange     '0.16.1',
137 silly addNameRange     '0.17.0',
137 silly addNameRange     '0.18.0',
137 silly addNameRange     '0.18.1',
137 silly addNameRange     '1.0.0' ] ]
138 verbose addNamed grunt-sass@1.0.0
139 silly addNamed semver.valid 1.0.0
140 silly addNamed semver.validRange 1.0.0
141 silly cache afterAdd grunt-release@0.12.0
142 verbose afterAdd /home/irene-sanz/.npm/grunt-release/0.12.0/package/package.json not in flight; writing
143 silly cache afterAdd grunt-contrib-connect@0.10.1
144 verbose afterAdd /home/irene-sanz/.npm/grunt-contrib-connect/0.10.1/package/package.json not in flight; writing
145 verbose afterAdd /home/irene-sanz/.npm/grunt-release/0.12.0/package/package.json written
146 silly cache afterAdd grunt-sass@1.0.0
147 verbose afterAdd /home/irene-sanz/.npm/grunt-sass/1.0.0/package/package.json not in flight; writing
148 verbose afterAdd /home/irene-sanz/.npm/grunt-sass/1.0.0/package/package.json written
149 verbose afterAdd /home/irene-sanz/.npm/grunt-contrib-connect/0.10.1/package/package.json written
150 http fetch 200 http://npm-dev.bqsoftware.net/grunt-contrib-copy/-/grunt-contrib-copy-0.8.0.tgz
151 silly fetchAndShaCheck shasum ee3027e65e4f2ffb9525a903c19efd80a8f2479b
152 verbose addTmpTarball /tmp/npm-10590-12b928aa/npm-dev.bqsoftware.net/grunt-contrib-copy/-/grunt-contrib-copy-0.8.0.tgz not in flight; adding
153 verbose addTmpTarball already have metadata; skipping unpack for grunt-contrib-copy@0.8.0
154 silly cache afterAdd grunt-contrib-copy@0.8.0
155 verbose afterAdd /home/irene-sanz/.npm/grunt-contrib-copy/0.8.0/package/package.json not in flight; writing
156 verbose afterAdd /home/irene-sanz/.npm/grunt-contrib-copy/0.8.0/package/package.json written
157 silly install resolved [ { name: 'grunt-release',
157 silly install resolved     version: '0.12.0',
157 silly install resolved     description: 'Release a new version of your Node-based project',
157 silly install resolved     main: 'Gruntfile.js',
157 silly install resolved     scripts: { test: 'grunt test' },
157 silly install resolved     engines: { node: '>=0.10' },
157 silly install resolved     repository:
157 silly install resolved      { type: 'git',
157 silly install resolved        url: 'https://github.com/geddski/grunt-release.git' },
157 silly install resolved     keywords: [ 'gruntplugin', 'bump', 'release', 'npm', 'git' ],
157 silly install resolved     author: { name: 'Dave Geddes' },
157 silly install resolved     license: 'MIT',
157 silly install resolved     dependencies:
157 silly install resolved      { shelljs: '^0.3.0',
157 silly install resolved        semver: '^4.1.0',
157 silly install resolved        superagent: '^0.21.0',
157 silly install resolved        q: '^1.1.2' },
157 silly install resolved     devDependencies:
157 silly install resolved      { grunt: '^0.4.5',
157 silly install resolved        'grunt-contrib-nodeunit': '^0.4.1',
157 silly install resolved        'grunt-contrib-clean': '^0.6.0' },
157 silly install resolved     peerDependencies: { grunt: '^0.4.1' },
157 silly install resolved     gitHead: 'bec214f49d1b694a94efef529544d6b98e5871a9',
157 silly install resolved     bugs: { url: 'https://github.com/geddski/grunt-release/issues' },
157 silly install resolved     homepage: 'https://github.com/geddski/grunt-release',
157 silly install resolved     _id: 'grunt-release@0.12.0',
157 silly install resolved     _shasum: '7ee193517342ec9c3f1b7f8d017168403b0a0217',
157 silly install resolved     _from: 'grunt-release@>=0.12.0 <0.13.0',
157 silly install resolved     _npmVersion: '2.5.1',
157 silly install resolved     _nodeVersion: '0.10.36',
157 silly install resolved     _npmUser: { name: 'drublic', email: 'info@drublic.de' },
157 silly install resolved     maintainers: [ [Object], [Object] ],
157 silly install resolved     dist:
157 silly install resolved      { shasum: '7ee193517342ec9c3f1b7f8d017168403b0a0217',
157 silly install resolved        tarball: 'http://npm-dev.bqsoftware.net/grunt-release/-/grunt-release-0.12.0.tgz' },
157 silly install resolved     directories: {},
157 silly install resolved     _resolved: 'http://npm-dev.bqsoftware.net/grunt-release/-/grunt-release-0.12.0.tgz',
157 silly install resolved     readme: 'ERROR: No README data found!' },
157 silly install resolved   { name: 'grunt-sass',
157 silly install resolved     version: '1.0.0',
157 silly install resolved     description: 'Compile Sass to CSS using node-sass',
157 silly install resolved     license: 'MIT',
157 silly install resolved     repository:
157 silly install resolved      { type: 'git',
157 silly install resolved        url: 'https://github.com/sindresorhus/grunt-sass' },
157 silly install resolved     author:
157 silly install resolved      { name: 'Sindre Sorhus',
157 silly install resolved        email: 'sindresorhus@gmail.com',
157 silly install resolved        url: 'http://sindresorhus.com' },
157 silly install resolved     engines: { node: '>=0.10.0' },
157 silly install resolved     scripts: { test: 'grunt' },
157 silly install resolved     files: [ 'tasks' ],
157 silly install resolved     keywords:
157 silly install resolved      [ 'gruntplugin',
157 silly install resolved        'css',
157 silly install resolved        'sass',
157 silly install resolved        'scss',
157 silly install resolved        'style',
157 silly install resolved        'compile',
157 silly install resolved        'preprocess',
157 silly install resolved        'compile',
157 silly install resolved        'libsass' ],
157 silly install resolved     dependencies:
157 silly install resolved      { 'each-async': '^1.0.0',
157 silly install resolved        'node-sass': '^3.0.0',
157 silly install resolved        'object-assign': '^2.0.0' },
157 silly install resolved     devDependencies:
157 silly install resolved      { grunt: '^0.4.5',
157 silly install resolved        'grunt-cli': '^0.1.13',
157 silly install resolved        'grunt-contrib-clean': '^0.6.0',
157 silly install resolved        'grunt-contrib-nodeunit': '^0.4.1' },
157 silly install resolved     gitHead: 'b82898cc426e6ab3688d9d43b4a3298f69fbf085',
157 silly install resolved     bugs: { url: 'https://github.com/sindresorhus/grunt-sass/issues' },
157 silly install resolved     homepage: 'https://github.com/sindresorhus/grunt-sass',
157 silly install resolved     _id: 'grunt-sass@1.0.0',
157 silly install resolved     _shasum: '84602a9ab0fcb0fe340737612a4ba56cc361bbc4',
157 silly install resolved     _from: 'grunt-sass@>=1.0.0 <2.0.0',
157 silly install resolved     _npmVersion: '2.7.4',
157 silly install resolved     _nodeVersion: '0.12.2',
157 silly install resolved     _npmUser: { name: 'sindresorhus', email: 'sindresorhus@gmail.com' },
157 silly install resolved     dist:
157 silly install resolved      { shasum: '84602a9ab0fcb0fe340737612a4ba56cc361bbc4',
157 silly install resolved        tarball: 'http://npm-dev.bqsoftware.net/grunt-sass/-/grunt-sass-1.0.0.tgz' },
157 silly install resolved     maintainers: [ [Object], [Object] ],
157 silly install resolved     directories: {},
157 silly install resolved     _resolved: 'http://npm-dev.bqsoftware.net/grunt-sass/-/grunt-sass-1.0.0.tgz',
157 silly install resolved     readme: 'ERROR: No README data found!' },
157 silly install resolved   { name: 'grunt-contrib-connect',
157 silly install resolved     description: 'Start a connect web server',
157 silly install resolved     version: '0.10.1',
157 silly install resolved     author: { name: 'Grunt Team', url: 'http://gruntjs.com/' },
157 silly install resolved     repository:
157 silly install resolved      { type: 'git',
157 silly install resolved        url: 'https://github.com/gruntjs/grunt-contrib-connect' },
157 silly install resolved     licenses: [ [Object] ],
157 silly install resolved     engines: { node: '>=0.10.0' },
157 silly install resolved     scripts: { test: 'grunt test' },
157 silly install resolved     dependencies:
157 silly install resolved      { async: '^0.9.0',
157 silly install resolved        connect: '^2.27.1',
157 silly install resolved        'connect-livereload': '^0.5.0',
157 silly install resolved        opn: '^1.0.0',
157 silly install resolved        portscanner: '^1.0.0' },
157 silly install resolved     devDependencies:
157 silly install resolved      { grunt: '^0.4.5',
157 silly install resolved        'grunt-cli': '^0.1.13',
157 silly install resolved        'grunt-contrib-internal': '^0.4.10',
157 silly install resolved        'grunt-contrib-jshint': '^0.11.0',
157 silly install resolved        'grunt-contrib-nodeunit': '^0.4.0' },
157 silly install resolved     peerDependencies: { grunt: '>=0.4.0' },
157 silly install resolved     keywords: [ 'gruntplugin', 'server', 'connect', 'http' ],
157 silly install resolved     files: [ 'tasks' ],
157 silly install resolved     appveyor_id: '3bp93hbs2rd5lwfd',
157 silly install resolved     contributors:
157 silly install resolved      [ [Object],
157 silly install resolved        [Object],
157 silly install resolved        [Object],
157 silly install resolved        [Object],
157 silly install resolved        [Object],
157 silly install resolved        [Object],
157 silly install resolved        [Object],
157 silly install resolved        [Object],
157 silly install resolved        [Object],
157 silly install resolved        [Object],
157 silly install resolved        [Object],
157 silly install resolved        [Object],
157 silly install resolved        [Object],
157 silly install resolved        [Object],
157 silly install resolved        [Object],
157 silly install resolved        [Object] ],
157 silly install resolved     gitHead: '0bd849152948b5b02f98aa3c79bee2b17060b831',
157 silly install resolved     bugs: { url: 'https://github.com/gruntjs/grunt-contrib-connect/issues' },
157 silly install resolved     homepage: 'https://github.com/gruntjs/grunt-contrib-connect',
157 silly install resolved     _id: 'grunt-contrib-connect@0.10.1',
157 silly install resolved     _shasum: '669cd85370307d547bdea574c29a0baeb998f516',
157 silly install resolved     _from: 'grunt-contrib-connect@>=0.10.1 <0.11.0',
157 silly install resolved     _npmVersion: '2.4.1',
157 silly install resolved     _nodeVersion: '0.10.35',
157 silly install resolved     _npmUser: { name: 'vladikoff', email: 'vlad@vladikoff.com' },
157 silly install resolved     maintainers: [ [Object], [Object], [Object], [Object], [Object], [Object] ],
157 silly install resolved     dist:
157 silly install resolved      { shasum: '669cd85370307d547bdea574c29a0baeb998f516',
157 silly install resolved        tarball: 'http://npm-dev.bqsoftware.net/grunt-contrib-connect/-/grunt-contrib-connect-0.10.1.tgz' },
157 silly install resolved     directories: {},
157 silly install resolved     _resolved: 'http://npm-dev.bqsoftware.net/grunt-contrib-connect/-/grunt-contrib-connect-0.10.1.tgz',
157 silly install resolved     readme: 'ERROR: No README data found!' },
157 silly install resolved   { name: 'grunt-contrib-copy',
157 silly install resolved     description: 'Copy files and folders',
157 silly install resolved     version: '0.8.0',
157 silly install resolved     author: { name: 'Grunt Team', url: 'http://gruntjs.com/' },
157 silly install resolved     repository:
157 silly install resolved      { type: 'git',
157 silly install resolved        url: 'https://github.com/gruntjs/grunt-contrib-copy' },
157 silly install resolved     licenses: [ [Object] ],
157 silly install resolved     engines: { node: '>=0.10.0' },
157 silly install resolved     scripts: { test: 'grunt test' },
157 silly install resolved     dependencies: { chalk: '^0.5.1', 'file-sync-cmp': '^0.1.0' },
157 silly install resolved     devDependencies:
157 silly install resolved      { grunt: '^0.4.5',
157 silly install resolved        'grunt-cli': '^0.1.13',
157 silly install resolved        'grunt-contrib-clean': '^0.6.0',
157 silly install resolved        'grunt-contrib-internal': '^0.4.5',
157 silly install resolved        'grunt-contrib-jshint': '^0.11.0',
157 silly install resolved        'grunt-contrib-nodeunit': '^0.4.1' },
157 silly install resolved     peerDependencies: { grunt: '>=0.4.0' },
157 silly install resolved     keywords: [ 'gruntplugin' ],
157 silly install resolved     files: [ 'tasks' ],
157 silly install resolved     contributors: [ [Object], [Object], [Object], [Object], [Object] ],
157 silly install resolved     gitHead: 'e7329ed62d730d44142617f1af3e43b7e533f24c',
157 silly install resolved     bugs: { url: 'https://github.com/gruntjs/grunt-contrib-copy/issues' },
157 silly install resolved     homepage: 'https://github.com/gruntjs/grunt-contrib-copy',
157 silly install resolved     _id: 'grunt-contrib-copy@0.8.0',
157 silly install resolved     _shasum: 'ee3027e65e4f2ffb9525a903c19efd80a8f2479b',
157 silly install resolved     _from: 'grunt-contrib-copy@>=0.8.0 <0.9.0',
157 silly install resolved     _npmVersion: '2.5.1',
157 silly install resolved     _nodeVersion: '0.12.0',
157 silly install resolved     _npmUser: { name: 'sindresorhus', email: 'sindresorhus@gmail.com' },
157 silly install resolved     maintainers: [ [Object], [Object], [Object], [Object], [Object], [Object] ],
157 silly install resolved     dist:
157 silly install resolved      { shasum: 'ee3027e65e4f2ffb9525a903c19efd80a8f2479b',
157 silly install resolved        tarball: 'http://npm-dev.bqsoftware.net/grunt-contrib-copy/-/grunt-contrib-copy-0.8.0.tgz' },
157 silly install resolved     directories: {},
157 silly install resolved     _resolved: 'http://npm-dev.bqsoftware.net/grunt-contrib-copy/-/grunt-contrib-copy-0.8.0.tgz' } ]
158 info install grunt-release@0.12.0 into /home/irene-sanz/repos/bloqs
159 info install grunt-sass@1.0.0 into /home/irene-sanz/repos/bloqs
160 info install grunt-contrib-connect@0.10.1 into /home/irene-sanz/repos/bloqs
161 info install grunt-contrib-copy@0.8.0 into /home/irene-sanz/repos/bloqs
162 info installOne grunt-release@0.12.0
163 verbose installOne of grunt-release to /home/irene-sanz/repos/bloqs not in flight; installing
164 info installOne grunt-sass@1.0.0
165 verbose installOne of grunt-sass to /home/irene-sanz/repos/bloqs not in flight; installing
166 info installOne grunt-contrib-connect@0.10.1
167 verbose installOne of grunt-contrib-connect to /home/irene-sanz/repos/bloqs not in flight; installing
168 info installOne grunt-contrib-copy@0.8.0
169 verbose installOne of grunt-contrib-copy to /home/irene-sanz/repos/bloqs not in flight; installing
170 warn locking Error: EACCES, open '/home/irene-sanz/.npm/_locks/grunt-release-cacf335dd7b38828.lock'
170 warn locking  /home/irene-sanz/.npm/_locks/grunt-release-cacf335dd7b38828.lock failed { [Error: EACCES, open '/home/irene-sanz/.npm/_locks/grunt-release-cacf335dd7b38828.lock']
170 warn locking   errno: 3,
170 warn locking   code: 'EACCES',
170 warn locking   path: '/home/irene-sanz/.npm/_locks/grunt-release-cacf335dd7b38828.lock' }
171 verbose stack Error: Attempt to unlock /home/irene-sanz/repos/bloqs/node_modules/grunt-release, which hasn't been locked
171 verbose stack     at unlock (/home/irene-sanz/.local/lib/node_modules/npm/lib/utils/locker.js:66:11)
171 verbose stack     at cb (/home/irene-sanz/.local/lib/node_modules/npm/lib/install.js:935:5)
171 verbose stack     at /home/irene-sanz/.local/lib/node_modules/npm/lib/install.js:939:20
171 verbose stack     at /home/irene-sanz/.local/lib/node_modules/npm/lib/utils/locker.js:40:9
171 verbose stack     at cb (/home/irene-sanz/.local/lib/node_modules/npm/node_modules/lockfile/lockfile.js:149:38)
171 verbose stack     at /home/irene-sanz/.local/lib/node_modules/npm/node_modules/lockfile/lockfile.js:177:38
171 verbose stack     at Object.oncomplete (fs.js:107:15)
172 verbose cwd /home/irene-sanz/repos/bloqs
173 error Linux 3.13.0-51-generic
174 error argv "node" "/home/irene-sanz/.local/bin/npm" "install"
175 error node v0.10.24
176 error npm  v2.6.1
177 error Attempt to unlock /home/irene-sanz/repos/bloqs/node_modules/grunt-release, which hasn't been locked
178 error If you need help, you may report this error at:
178 error     <http://github.com/npm/npm/issues>
179 verbose exit [ 1, true ]
